<?xml version="1.0" encoding="UTF-8"?>
<!-- Generated by org.testng.reporters.JUnitReportReporter -->
<testsuite hostname="DESKTOP-HS9EPSU" failures="0" tests="1" name="testcase.Tc_002_login_page" time="12.086" errors="0" timestamp="2023-11-15T17:36:45 IST" skipped="0">
  <testcase classname="testcase.Tc_002_login_page" name="loginpage" time="12.086"/>
</testsuite> <!-- testcase.Tc_002_login_page -->
