<?xml version="1.0" encoding="UTF-8"?>
<!-- Generated by org.testng.reporters.JUnitReportReporter -->
<testsuite hostname="DESKTOP-HS9EPSU" failures="0" tests="1" name="testcase.Tc_001_Signup_page" time="13.895" errors="0" timestamp="2023-11-15T17:36:45 IST" skipped="0">
  <testcase classname="testcase.Tc_001_Signup_page" name="signuptest" time="13.895"/>
</testsuite> <!-- testcase.Tc_001_Signup_page -->
